[15:24:26] [main/INFO]: username: DevPlayer
[15:24:26] [main/INFO]: Extra: []
[15:24:27] [main/INFO]: Running with arguments: [--userProperties, {}, --assetsDir, C:/Users/aiden/.gradle/caches/minecraft/assets, --assetIndex, 1.12, --accessToken{REDACTED}, --version, 1.12.2, --username, DevPlayer, --tweakClass, net.minecraftforge.fml.common.launcher.FMLTweaker, --tweakClass, net.minecraftforge.gradle.tweakers.CoremodTweaker]
[15:24:27] [main/INFO]: Loading tweak class name net.minecraftforge.fml.common.launcher.FMLTweaker
[15:24:27] [main/INFO]: Using primary tweak class name net.minecraftforge.fml.common.launcher.FMLTweaker
[15:24:27] [main/INFO]: Loading tweak class name net.minecraftforge.gradle.tweakers.CoremodTweaker
[15:24:27] [main/INFO]: Calling tweak class net.minecraftforge.fml.common.launcher.FMLTweaker
[15:24:27] [main/INFO]: Forge Mod Loader version 14.23.1.2555 for Minecraft 1.12.2 loading
[15:24:27] [main/INFO]: Java is Java HotSpot(TM) 64-Bit Server VM, version 1.8.0_162, running on Windows 10:amd64:10.0, installed at C:\Program Files\Java\jdk1.8.0_162\jre
[15:24:27] [main/INFO]: Managed to load a deobfuscated Minecraft name- we are in a deobfuscated environment. Skipping runtime deobfuscation
[15:24:27] [main/INFO]: Ignoring missing certificate for coremod FMLCorePlugin (net.minecraftforge.fml.relauncher.FMLCorePlugin), we are in deobf and it's a forge core plugin
[15:24:27] [main/INFO]: Ignoring missing certificate for coremod FMLForgePlugin (net.minecraftforge.classloading.FMLForgePlugin), we are in deobf and it's a forge core plugin
[15:24:28] [main/INFO]: Calling tweak class net.minecraftforge.gradle.tweakers.CoremodTweaker
[15:24:28] [main/INFO]: Injecting location in coremod net.minecraftforge.fml.relauncher.FMLCorePlugin
[15:24:28] [main/INFO]: Injecting location in coremod net.minecraftforge.classloading.FMLForgePlugin
[15:24:28] [main/INFO]: Loading tweak class name net.minecraftforge.fml.common.launcher.FMLInjectionAndSortingTweaker
[15:24:28] [main/INFO]: Loading tweak class name net.minecraftforge.fml.common.launcher.FMLDeobfTweaker
[15:24:28] [main/INFO]: Loading tweak class name net.minecraftforge.gradle.tweakers.AccessTransformerTweaker
[15:24:28] [main/INFO]: Calling tweak class net.minecraftforge.fml.common.launcher.FMLInjectionAndSortingTweaker
[15:24:28] [main/INFO]: Calling tweak class net.minecraftforge.fml.common.launcher.FMLInjectionAndSortingTweaker
[15:24:28] [main/INFO]: Calling tweak class net.minecraftforge.fml.relauncher.CoreModManager$FMLPluginWrapper
