[10:35:56] [main/INFO]: username: DevPlayer
[10:35:56] [main/INFO]: Extra: []
[10:35:56] [main/INFO]: Running with arguments: [--userProperties, {}, --assetsDir, C:/Users/aiden/.gradle/caches/minecraft/assets, --assetIndex, 1.12, --accessToken{REDACTED}, --version, 1.12.2, --username, DevPlayer, --tweakClass, net.minecraftforge.fml.common.launcher.FMLTweaker, --tweakClass, net.minecraftforge.gradle.tweakers.CoremodTweaker]
[10:35:56] [main/INFO]: Loading tweak class name net.minecraftforge.fml.common.launcher.FMLTweaker
[10:35:56] [main/INFO]: Using primary tweak class name net.minecraftforge.fml.common.launcher.FMLTweaker
[10:35:56] [main/INFO]: Loading tweak class name net.minecraftforge.gradle.tweakers.CoremodTweaker
[10:35:56] [main/INFO]: Calling tweak class net.minecraftforge.fml.common.launcher.FMLTweaker
[10:35:56] [main/INFO]: Forge Mod Loader version 14.23.1.2555 for Minecraft 1.12.2 loading
[10:35:56] [main/INFO]: Java is Java HotSpot(TM) 64-Bit Server VM, version 1.8.0_162, running on Windows 10:amd64:10.0, installed at C:\Program Files\Java\jdk1.8.0_162\jre
[10:35:56] [main/INFO]: Managed to load a deobfuscated Minecraft name- we are in a deobfuscated environment. Skipping runtime deobfuscation
[10:35:56] [main/INFO]: Ignoring missing certificate for coremod FMLCorePlugin (net.minecraftforge.fml.relauncher.FMLCorePlugin), we are in deobf and it's a forge core plugin
[10:35:56] [main/INFO]: Ignoring missing certificate for coremod FMLForgePlugin (net.minecraftforge.classloading.FMLForgePlugin), we are in deobf and it's a forge core plugin
[10:35:57] [main/INFO]: Calling tweak class net.minecraftforge.gradle.tweakers.CoremodTweaker
[10:35:57] [main/INFO]: Injecting location in coremod net.minecraftforge.fml.relauncher.FMLCorePlugin
[10:35:57] [main/INFO]: Injecting location in coremod net.minecraftforge.classloading.FMLForgePlugin
[10:35:57] [main/INFO]: Loading tweak class name net.minecraftforge.fml.common.launcher.FMLInjectionAndSortingTweaker
[10:35:57] [main/INFO]: Loading tweak class name net.minecraftforge.fml.common.launcher.FMLDeobfTweaker
[10:35:57] [main/INFO]: Loading tweak class name net.minecraftforge.gradle.tweakers.AccessTransformerTweaker
[10:35:57] [main/INFO]: Calling tweak class net.minecraftforge.fml.common.launcher.FMLInjectionAndSortingTweaker
[10:35:57] [main/INFO]: Calling tweak class net.minecraftforge.fml.common.launcher.FMLInjectionAndSortingTweaker
[10:35:57] [main/INFO]: Calling tweak class net.minecraftforge.fml.relauncher.CoreModManager$FMLPluginWrapper
[10:36:08] [main/ERROR]: FML appears to be missing any signature data. This is not a good thing
[10:36:08] [main/INFO]: Calling tweak class net.minecraftforge.fml.relauncher.CoreModManager$FMLPluginWrapper
[10:36:08] [main/INFO]: Calling tweak class net.minecraftforge.fml.common.launcher.FMLDeobfTweaker
[10:36:10] [main/INFO]: Calling tweak class net.minecraftforge.gradle.tweakers.AccessTransformerTweaker
[10:36:10] [main/INFO]: Loading tweak class name net.minecraftforge.fml.common.launcher.TerminalTweaker
[10:36:10] [main/INFO]: Calling tweak class net.minecraftforge.fml.common.launcher.TerminalTweaker
[10:36:10] [main/INFO]: Launching wrapped minecraft {net.minecraft.client.main.Main}
[10:36:14] [main/INFO]: Setting user: DevPlayer
[10:36:38] [main/WARN]: Skipping bad option: lastServer:
[10:36:38] [main/INFO]: LWJGL Version: 2.9.4
[10:36:48] [main/INFO]: -- System Details --
Details:
	Minecraft Version: 1.12.2
	Operating System: Windows 10 (amd64) version 10.0
	Java Version: 1.8.0_162, Oracle Corporation
	Java VM Version: Java HotSpot(TM) 64-Bit Server VM (mixed mode), Oracle Corporation
	Memory: 88397712 bytes (84 MB) / 336068608 bytes (320 MB) up to 827850752 bytes (789 MB)
	JVM Flags: 0 total; 
	IntCache: cache: 0, tcache: 0, allocated: 0, tallocated: 0
	FML: 
	Loaded coremods (and transformers): 
	GL info: ' Vendor: 'ATI Technologies Inc.' Version: '4.5.13418 Compatibility Profile Context 15.301.2301.1002' Renderer: 'AMD Radeon(TM) R4 Graphics'
[10:36:49] [main/INFO]: MinecraftForge v14.23.1.2555 Initialized
[10:36:49] [main/INFO]: Starts to replace vanilla recipe ingredients with ore ingredients.
[10:36:50] [main/INFO]: Replaced 1036 ore ingredients
[10:36:52] [main/INFO]: Found 0 mods from the command line. Injecting into mod discoverer
[10:36:52] [main/INFO]: Searching C:\Users\aiden\Desktop\Sim-U-Kraft-Resimulated\run\mods for mods
